0 info it worked if it ends with ok
1 verbose cli [ '/Users/akyuna.akish/.nvm/versions/node/v6.9.5/bin/node',
1 verbose cli   '/Users/akyuna.akish/.nvm/versions/node/v6.9.5/bin/npm',
1 verbose cli   'run',
1 verbose cli   'buildjsmodules' ]
2 info using npm@3.10.10
3 info using node@v6.9.5
4 verbose run-script [ 'prebuildjsmodules', 'buildjsmodules', 'postbuildjsmodules' ]
5 info lifecycle js_modules@1.0.0~prebuildjsmodules: js_modules@1.0.0
6 silly lifecycle js_modules@1.0.0~prebuildjsmodules: no script for prebuildjsmodules, continuing
7 info lifecycle js_modules@1.0.0~buildjsmodules: js_modules@1.0.0
8 verbose lifecycle js_modules@1.0.0~buildjsmodules: unsafe-perm in lifecycle true
9 verbose lifecycle js_modules@1.0.0~buildjsmodules: PATH: /Users/akyuna.akish/.nvm/versions/node/v6.9.5/lib/node_modules/npm/bin/node-gyp-bin:/Users/akyuna.akish/workspace/webpack2/node_modules/.bin:/Users/akyuna.akish/.nvm/versions/node/v6.9.5/bin:/usr/local/bin:/usr/bin:/bin:/usr/sbin:/sbin:/Users/akyuna.akish/bin:/Users/akyuna.akish/Documents/apache-ant-1.9.7/bin:/Users/akyuna.akish/sf-team/bin:/Library/Java/JavaVirtualMachines/jdk1.8.0_121.jdk/Contents/Home/bin
10 verbose lifecycle js_modules@1.0.0~buildjsmodules: CWD: /Users/akyuna.akish/workspace/webpack2
11 silly lifecycle js_modules@1.0.0~buildjsmodules: Args: [ '-c', 'webpack js_modules' ]
12 silly lifecycle js_modules@1.0.0~buildjsmodules: Returned: code: 255  signal: null
13 info lifecycle js_modules@1.0.0~buildjsmodules: Failed to exec buildjsmodules script
14 verbose stack Error: js_modules@1.0.0 buildjsmodules: `webpack js_modules`
14 verbose stack Exit status 255
14 verbose stack     at EventEmitter.<anonymous> (/Users/akyuna.akish/.nvm/versions/node/v6.9.5/lib/node_modules/npm/lib/utils/lifecycle.js:255:16)
14 verbose stack     at emitTwo (events.js:106:13)
14 verbose stack     at EventEmitter.emit (events.js:191:7)
14 verbose stack     at ChildProcess.<anonymous> (/Users/akyuna.akish/.nvm/versions/node/v6.9.5/lib/node_modules/npm/lib/utils/spawn.js:40:14)
14 verbose stack     at emitTwo (events.js:106:13)
14 verbose stack     at ChildProcess.emit (events.js:191:7)
14 verbose stack     at maybeClose (internal/child_process.js:877:16)
14 verbose stack     at Process.ChildProcess._handle.onexit (internal/child_process.js:226:5)
15 verbose pkgid js_modules@1.0.0
16 verbose cwd /Users/akyuna.akish/workspace/webpack2
17 error Darwin 15.6.0
18 error argv "/Users/akyuna.akish/.nvm/versions/node/v6.9.5/bin/node" "/Users/akyuna.akish/.nvm/versions/node/v6.9.5/bin/npm" "run" "buildjsmodules"
19 error node v6.9.5
20 error npm  v3.10.10
21 error code ELIFECYCLE
22 error js_modules@1.0.0 buildjsmodules: `webpack js_modules`
22 error Exit status 255
23 error Failed at the js_modules@1.0.0 buildjsmodules script 'webpack js_modules'.
23 error Make sure you have the latest version of node.js and npm installed.
23 error If you do, this is most likely a problem with the js_modules package,
23 error not with npm itself.
23 error Tell the author that this fails on your system:
23 error     webpack js_modules
23 error You can get information on how to open an issue for this project with:
23 error     npm bugs js_modules
23 error Or if that isn't available, you can get their info via:
23 error     npm owner ls js_modules
23 error There is likely additional logging output above.
24 verbose exit [ 1, true ]
